Using pre-set license
Built from '2021.3/staging' branch; Version is '2021.3.11f1 (0a5ca18544bf) revision 679073'; Using compiler version '192829333'; Build Type 'Release'
OS: 'Windows 10  (10.0.19045) 64bit Core' Language: 'en' Physical Memory: 16293 MB
BatchMode: 1, IsHumanControllingUs: 0, StartBugReporterOnCrash: 0, Is64bit: 1, IsPro: 1

COMMAND LINE ARGUMENTS:
C:\Program Files\Unity\Hub\Editor\2021.3.11f1\Editor\Unity.exe
-adb2
-batchMode
-noUpm
-name
AssetImportWorker0
-projectPath
C:/Current-Unity-Project/MultiplayerFPS/Client-Project
-logFile
Logs/AssetImportWorker0.log
-srvPort
65209
Successfully changed project path to: C:/Current-Unity-Project/MultiplayerFPS/Client-Project
C:/Current-Unity-Project/MultiplayerFPS/Client-Project
[UnityMemory] Configuration Parameters - Can be set up in boot.config
    "memorysetup-bucket-allocator-granularity=16"
    "memorysetup-bucket-allocator-bucket-count=8"
    "memorysetup-bucket-allocator-block-size=33554432"
    "memorysetup-bucket-allocator-block-count=8"
    "memorysetup-main-allocator-block-size=16777216"
    "memorysetup-thread-allocator-block-size=16777216"
    "memorysetup-gfx-main-allocator-block-size=16777216"
    "memorysetup-gfx-thread-allocator-block-size=16777216"
    "memorysetup-cache-allocator-block-size=4194304"
    "memorysetup-typetree-allocator-block-size=2097152"
    "memorysetup-profiler-bucket-allocator-granularity=16"
    "memorysetup-profiler-bucket-allocator-bucket-count=8"
    "memorysetup-profiler-bucket-allocator-block-size=33554432"
    "memorysetup-profiler-bucket-allocator-block-count=8"
    "memorysetup-profiler-allocator-block-size=16777216"
    "memorysetup-profiler-editor-allocator-block-size=1048576"
    "memorysetup-temp-allocator-size-main=16777216"
    "memorysetup-job-temp-allocator-block-size=2097152"
    "memorysetup-job-temp-allocator-block-size-background=1048576"
    "memorysetup-job-temp-allocator-reduction-small-platforms=262144"
    "memorysetup-temp-allocator-size-background-worker=32768"
    "memorysetup-temp-allocator-size-job-worker=262144"
    "memorysetup-temp-allocator-size-preload-manager=33554432"
    "memorysetup-temp-allocator-size-nav-mesh-worker=65536"
    "memorysetup-temp-allocator-size-audio-worker=65536"
    "memorysetup-temp-allocator-size-cloud-worker=32768"
    "memorysetup-temp-allocator-size-gi-baking-worker=262144"
    "memorysetup-temp-allocator-size-gfx=262144"
Refreshing native plugins compatible for Editor in 114.36 ms, found 2 plugins.
Preloading 0 native plugins for Editor in 0.00 ms.
Initialize engine version: 2021.3.11f1 (0a5ca18544bf)
[Subsystems] Discovering subsystems at path C:/Program Files/Unity/Hub/Editor/2021.3.11f1/Editor/Data/Resources/UnitySubsystems
[Subsystems] Discovering subsystems at path C:/Current-Unity-Project/MultiplayerFPS/Client-Project/Assets
GfxDevice: creating device client; threaded=0; jobified=0
Direct3D:
    Version:  Direct3D 11.0 [level 11.1]
    Renderer: NVIDIA GeForce RTX 2070 SUPER (ID=0x1e84)
    Vendor:   NVIDIA
    VRAM:     8003 MB
    Driver:   31.0.15.2756
Initialize mono
Mono path[0] = 'C:/Program Files/Unity/Hub/Editor/2021.3.11f1/Editor/Data/Managed'
Mono path[1] = 'C:/Program Files/Unity/Hub/Editor/2021.3.11f1/Editor/Data/MonoBleedingEdge/lib/mono/unityjit-win32'
Mono config path = 'C:/Program Files/Unity/Hub/Editor/2021.3.11f1/Editor/Data/MonoBleedingEdge/etc'
Using monoOptions --debugger-agent=transport=dt_socket,embedding=1,server=y,suspend=n,address=127.0.0.1:56776
Begin MonoManager ReloadAssembly
Registering precompiled unity dll's ...
Register platform support module: C:/Program Files/Unity/Hub/Editor/2021.3.11f1/Editor/Data/PlaybackEngines/WebGLSupport/UnityEditor.WebGL.Extensions.dll
Register platform support module: C:/Program Files/Unity/Hub/Editor/2021.3.11f1/Editor/Data/PlaybackEngines/MacStandaloneSupport/UnityEditor.OSXStandalone.Extensions.dll
Register platform support module: C:/Program Files/Unity/Hub/Editor/2021.3.11f1/Editor/Data/PlaybackEngines/WindowsStandaloneSupport/UnityEditor.WindowsStandalone.Extensions.dll
Register platform support module: C:/Program Files/Unity/Hub/Editor/2021.3.11f1/Editor/Data/PlaybackEngines/LinuxStandaloneSupport/UnityEditor.LinuxStandalone.Extensions.dll
Register platform support module: C:/Program Files/Unity/Hub/Editor/2021.3.11f1/Editor/Data/PlaybackEngines/MetroSupport/UnityEditor.UWP.Extensions.dll
Registered in 0.009632 seconds.
Native extension for UWP target not found
Native extension for LinuxStandalone target not found
Native extension for WindowsStandalone target not found
Native extension for OSXStandalone target not found
Native extension for WebGL target not found
Refreshing native plugins compatible for Editor in 123.62 ms, found 2 plugins.
Preloading 0 native plugins for Editor in 0.00 ms.
Mono: successfully reloaded assembly
- Completed reload, in  0.585 seconds
Domain Reload Profiling:
	ReloadAssembly (585ms)
		BeginReloadAssembly (59ms)
			ExecutionOrderSort (0ms)
			DisableScriptedObjects (0ms)
			BackupInstance (0ms)
			ReleaseScriptingObjects (0ms)
			CreateAndSetChildDomain (1ms)
		EndReloadAssembly (434ms)
			LoadAssemblies (58ms)
			RebuildTransferFunctionScriptingTraits (0ms)
			SetupTypeCache (79ms)
			ReleaseScriptCaches (0ms)
			RebuildScriptCaches (23ms)
			SetupLoadedEditorAssemblies (288ms)
				LogAssemblyErrors (0ms)
				InitializePlatformSupportModulesInManaged (15ms)
				SetLoadedEditorAssemblies (0ms)
				RefreshPlugins (124ms)
				BeforeProcessingInitializeOnLoad (1ms)
				ProcessInitializeOnLoadAttributes (112ms)
				ProcessInitializeOnLoadMethodAttributes (36ms)
				AfterProcessingInitializeOnLoad (0ms)
				EditorAssembliesLoaded (0ms)
			ExecutionOrderSort2 (0ms)
			AwakeInstancesAfterBackupRestoration (0ms)
Platform modules already initialized, skipping
Registering precompiled user dll's ...
Registered in 0.006369 seconds.
Begin MonoManager ReloadAssembly
Symbol file LoadedFromMemory doesn't match image C:\Current-Unity-Project\MultiplayerFPS\Client-Project\Library\PackageCache\com.unity.visualscripting@1.7.8\Editor\VisualScripting.Core\Dependencies\YamlDotNet\Unity.VisualScripting.YamlDotNet.dll
Symbol file LoadedFromMemory doesn't match image C:\Current-Unity-Project\MultiplayerFPS\Client-Project\Library\PackageCache\com.unity.visualscripting@1.7.8\Editor\VisualScripting.Core\Dependencies\DotNetZip\Unity.VisualScripting.IonicZip.dll
Native extension for UWP target not found
Native extension for LinuxStandalone target not found
Native extension for WindowsStandalone target not found
Native extension for OSXStandalone target not found
Native extension for WebGL target not found
Refreshing native plugins compatible for Editor in 114.80 ms, found 2 plugins.
Preloading 0 native plugins for Editor in 0.00 ms.
Mono: successfully reloaded assembly
- Completed reload, in  1.239 seconds
Domain Reload Profiling:
	ReloadAssembly (1240ms)
		BeginReloadAssembly (101ms)
			ExecutionOrderSort (0ms)
			DisableScriptedObjects (6ms)
			BackupInstance (0ms)
			ReleaseScriptingObjects (0ms)
			CreateAndSetChildDomain (22ms)
		EndReloadAssembly (1044ms)
			LoadAssemblies (87ms)
			RebuildTransferFunctionScriptingTraits (0ms)
			SetupTypeCache (242ms)
			ReleaseScriptCaches (1ms)
			RebuildScriptCaches (62ms)
			SetupLoadedEditorAssemblies (619ms)
				LogAssemblyErrors (0ms)
				InitializePlatformSupportModulesInManaged (12ms)
				SetLoadedEditorAssemblies (0ms)
				RefreshPlugins (115ms)
				BeforeProcessingInitializeOnLoad (142ms)
				ProcessInitializeOnLoadAttributes (273ms)
				ProcessInitializeOnLoadMethodAttributes (70ms)
				AfterProcessingInitializeOnLoad (7ms)
				EditorAssembliesLoaded (0ms)
			ExecutionOrderSort2 (0ms)
			AwakeInstancesAfterBackupRestoration (4ms)
Platform modules already initialized, skipping
========================================================================
Worker process is ready to serve import requests
Launched and connected shader compiler UnityShaderCompiler.exe after 0.09 seconds
Refreshing native plugins compatible for Editor in 1.98 ms, found 2 plugins.
Preloading 0 native plugins for Editor in 0.00 ms.
Unloading 6910 Unused Serialized files (Serialized files now loaded: 0)
Unloading 75 unused Assets / (2.4 MB). Loaded Objects now: 7338.
Memory consumption went from 340.9 MB to 338.5 MB.
Total: 7.735600 ms (FindLiveObjects: 1.020500 ms CreateObjectMapping: 0.367500 ms MarkObjects: 5.287400 ms  DeleteObjects: 1.058500 ms)

AssetImportParameters requested are different than current active one (requested -> active):
  custom:video-decoder-ogg-theora: a1e56fd34408186e4bbccfd4996cb3dc -> 
  custom:container-muxer-webm: aa71ff27fc2769a1b78a27578f13a17b -> 
  custom:container-demuxer-webm: 4f35f7cbe854078d1ac9338744f61a02 -> 
  custom:video-encoder-webm-vp8: eb34c28f22e8b96e1ab97ce403110664 -> 
  custom:audio-encoder-webm-vorbis: bf7c407c2cedff20999df2af8eb42d56 -> 
  custom:framework-win-MediaFoundation: 216162199b28c13a410421893ffa2e32 -> 
  custom:container-demuxer-ogg: 62fdf1f143b41e24485cea50d1cbac27 -> 
  custom:video-decoder-webm-vp8: 9c59270c3fd7afecdb556c50c9e8de78 -> 
  custom:audio-decoder-ogg-vorbis: bf7c407c2cedff20999df2af8eb42d56 -> 
========================================================================
Received Import Request.
  Time since last request: 35123.745431 seconds.
  path: Assets/Shared
  artifactKey: Guid(b8818678b1b4e3b4cb0253cd69495df3) Importer(815301076,1909f56bfc062723c751e8b465ee728b)
Start importing Assets/Shared using Guid(b8818678b1b4e3b4cb0253cd69495df3) Importer(815301076,1909f56bfc062723c751e8b465ee728b)  -> (artifact id: '7b13f88ab4d3e2c95f7d6416f0a38725') in 0.015965 seconds 
========================================================================
Received Import Request.
  Time since last request: 9.170475 seconds.
  path: Assets/Shared/test.txt
  artifactKey: Guid(e26c6955629d8164abf36aa1440828ad) Importer(815301076,1909f56bfc062723c751e8b465ee728b)
Start importing Assets/Shared/test.txt using Guid(e26c6955629d8164abf36aa1440828ad) Importer(815301076,1909f56bfc062723c751e8b465ee728b)  -> (artifact id: '83adbc06d30dfdd7a7400efa00babd21') in 0.029097 seconds 
========================================================================
Received Import Request.
  Time since last request: 29.875027 seconds.
  path: Assets/Shared/SharedCube.prefab
  artifactKey: Guid(1857021ce2b2ea645a840cc0a8cbd120) Importer(815301076,1909f56bfc062723c751e8b465ee728b)
Start importing Assets/Shared/SharedCube.prefab using Guid(1857021ce2b2ea645a840cc0a8cbd120) Importer(815301076,1909f56bfc062723c751e8b465ee728b)  -> (artifact id: 'e4b1bcaf3a6665c885b1fcf71a41fd41') in 0.214780 seconds 
========================================================================
Received Import Request.
  Time since last request: 22.410944 seconds.
  path: Assets/Shared/SharedCube.prefab
  artifactKey: Guid(1857021ce2b2ea645a840cc0a8cbd120) Importer(815301076,1909f56bfc062723c751e8b465ee728b)
Start importing Assets/Shared/SharedCube.prefab using Guid(1857021ce2b2ea645a840cc0a8cbd120) Importer(815301076,1909f56bfc062723c751e8b465ee728b)  -> (artifact id: '1c8e4c05830b436fdfbc5d267990ec5f') in 0.012270 seconds 
========================================================================
Received Import Request.
  Time since last request: 19.312050 seconds.
  path: Assets/Shared/SharedCube.prefab
  artifactKey: Guid(1857021ce2b2ea645a840cc0a8cbd120) Importer(815301076,1909f56bfc062723c751e8b465ee728b)
Start importing Assets/Shared/SharedCube.prefab using Guid(1857021ce2b2ea645a840cc0a8cbd120) Importer(815301076,1909f56bfc062723c751e8b465ee728b)  -> (artifact id: '6f55de8d94af2befdf94e52371a5b882') in 0.012574 seconds 
========================================================================
Received Import Request.
  Time since last request: 123.216382 seconds.
  path: Assets/Weapons/Test_Weapon.prefab
  artifactKey: Guid(985fe414931866c4aa141fa4c9e1412b) Importer(815301076,1909f56bfc062723c751e8b465ee728b)
Start importing Assets/Weapons/Test_Weapon.prefab using Guid(985fe414931866c4aa141fa4c9e1412b) Importer(815301076,1909f56bfc062723c751e8b465ee728b)  -> (artifact id: '931722eaab0f23f655f2f8b5418b2376') in 0.020507 seconds 
========================================================================
Received Import Request.
  Time since last request: 11.265528 seconds.
  path: Assets/Weapons/WeaponManager.cs
  artifactKey: Guid(9d00229a9084b954a87d277d88ccd001) Importer(815301076,1909f56bfc062723c751e8b465ee728b)
Start importing Assets/Weapons/WeaponManager.cs using Guid(9d00229a9084b954a87d277d88ccd001) Importer(815301076,1909f56bfc062723c751e8b465ee728b)  -> (artifact id: '576104212c0afb49142448a027a1625d') in 0.014558 seconds 
========================================================================
Received Import Request.
  Time since last request: 0.895194 seconds.
  path: Assets/Weapons/WeaponScript.cs
  artifactKey: Guid(aa2763748ea76164295c8cb18ea5c210) Importer(815301076,1909f56bfc062723c751e8b465ee728b)
Start importing Assets/Weapons/WeaponScript.cs using Guid(aa2763748ea76164295c8cb18ea5c210) Importer(815301076,1909f56bfc062723c751e8b465ee728b)  -> (artifact id: 'b1170bc5ffbc3aa3d19a0cdc1fca1a15') in 0.005191 seconds 
========================================================================
Received Import Request.
  Time since last request: 10.955811 seconds.
  path: Assets/Shared/Weapons
  artifactKey: Guid(727856388562682449787780e16aa118) Importer(815301076,1909f56bfc062723c751e8b465ee728b)
Start importing Assets/Shared/Weapons using Guid(727856388562682449787780e16aa118) Importer(815301076,1909f56bfc062723c751e8b465ee728b)  -> (artifact id: '49c9bd3e9935745d71ffec3428b4d913') in 0.005303 seconds 
========================================================================
Received Prepare
Registering precompiled user dll's ...
Registered in 0.006553 seconds.
Begin MonoManager ReloadAssembly
Symbol file LoadedFromMemory doesn't match image C:\Current-Unity-Project\MultiplayerFPS\Client-Project\Library\PackageCache\com.unity.visualscripting@1.7.8\Editor\VisualScripting.Core\Dependencies\YamlDotNet\Unity.VisualScripting.YamlDotNet.dll
Symbol file LoadedFromMemory doesn't match image C:\Current-Unity-Project\MultiplayerFPS\Client-Project\Library\PackageCache\com.unity.visualscripting@1.7.8\Editor\VisualScripting.Core\Dependencies\DotNetZip\Unity.VisualScripting.IonicZip.dll
Native extension for UWP target not found
Native extension for LinuxStandalone target not found
Native extension for WindowsStandalone target not found
Native extension for OSXStandalone target not found
Native extension for WebGL target not found
Refreshing native plugins compatible for Editor in 1.13 ms, found 2 plugins.
Preloading 0 native plugins for Editor in 0.00 ms.
Mono: successfully reloaded assembly
- Completed reload, in  1.134 seconds
Domain Reload Profiling:
	ReloadAssembly (1135ms)
		BeginReloadAssembly (133ms)
			ExecutionOrderSort (0ms)
			DisableScriptedObjects (6ms)
			BackupInstance (0ms)
			ReleaseScriptingObjects (0ms)
			CreateAndSetChildDomain (41ms)
		EndReloadAssembly (902ms)
			LoadAssemblies (88ms)
			RebuildTransferFunctionScriptingTraits (0ms)
			SetupTypeCache (224ms)
			ReleaseScriptCaches (2ms)
			RebuildScriptCaches (41ms)
			SetupLoadedEditorAssemblies (471ms)
				LogAssemblyErrors (0ms)
				InitializePlatformSupportModulesInManaged (18ms)
				SetLoadedEditorAssemblies (0ms)
				RefreshPlugins (1ms)
				BeforeProcessingInitializeOnLoad (109ms)
				ProcessInitializeOnLoadAttributes (264ms)
				ProcessInitializeOnLoadMethodAttributes (72ms)
				AfterProcessingInitializeOnLoad (7ms)
				EditorAssembliesLoaded (0ms)
			ExecutionOrderSort2 (0ms)
			AwakeInstancesAfterBackupRestoration (11ms)
Platform modules already initialized, skipping
Refreshing native plugins compatible for Editor in 3.48 ms, found 2 plugins.
Preloading 0 native plugins for Editor in 0.00 ms.
Unloading 6760 Unused Serialized files (Serialized files now loaded: 0)
Unloading 54 unused Assets / (2.4 MB). Loaded Objects now: 7411.
Memory consumption went from 338.2 MB to 335.8 MB.
Total: 3.947400 ms (FindLiveObjects: 0.471000 ms CreateObjectMapping: 0.155500 ms MarkObjects: 2.642000 ms  DeleteObjects: 0.678000 ms)

AssetImportParameters requested are different than current active one (requested -> active):
  custom:video-decoder-ogg-theora: a1e56fd34408186e4bbccfd4996cb3dc -> 
  custom:container-muxer-webm: aa71ff27fc2769a1b78a27578f13a17b -> 
  custom:container-demuxer-webm: 4f35f7cbe854078d1ac9338744f61a02 -> 
  custom:video-encoder-webm-vp8: eb34c28f22e8b96e1ab97ce403110664 -> 
  custom:audio-encoder-webm-vorbis: bf7c407c2cedff20999df2af8eb42d56 -> 
  custom:framework-win-MediaFoundation: 216162199b28c13a410421893ffa2e32 -> 
  custom:container-demuxer-ogg: 62fdf1f143b41e24485cea50d1cbac27 -> 
  custom:video-decoder-webm-vp8: 9c59270c3fd7afecdb556c50c9e8de78 -> 
  custom:audio-decoder-ogg-vorbis: bf7c407c2cedff20999df2af8eb42d56 -> 
========================================================================
Received Import Request.
  Time since last request: 71.685886 seconds.
  path: Assets/Shared/Weapons/Weapon_Data.cs
  artifactKey: Guid(4a2212bb07878e94ba191b9129611f7e) Importer(815301076,1909f56bfc062723c751e8b465ee728b)
Start importing Assets/Shared/Weapons/Weapon_Data.cs using Guid(4a2212bb07878e94ba191b9129611f7e) Importer(815301076,1909f56bfc062723c751e8b465ee728b)  -> (artifact id: '00079fa123d5669aec10aec960c0ba5f') in 0.015912 seconds 
========================================================================
Received Prepare
Registering precompiled user dll's ...
Registered in 0.006706 seconds.
Begin MonoManager ReloadAssembly
Symbol file LoadedFromMemory doesn't match image C:\Current-Unity-Project\MultiplayerFPS\Client-Project\Library\PackageCache\com.unity.visualscripting@1.7.8\Editor\VisualScripting.Core\Dependencies\YamlDotNet\Unity.VisualScripting.YamlDotNet.dll
Symbol file LoadedFromMemory doesn't match image C:\Current-Unity-Project\MultiplayerFPS\Client-Project\Library\PackageCache\com.unity.visualscripting@1.7.8\Editor\VisualScripting.Core\Dependencies\DotNetZip\Unity.VisualScripting.IonicZip.dll
Native extension for UWP target not found
Native extension for LinuxStandalone target not found
Native extension for WindowsStandalone target not found
Native extension for OSXStandalone target not found
Native extension for WebGL target not found
Refreshing native plugins compatible for Editor in 1.21 ms, found 2 plugins.
Preloading 0 native plugins for Editor in 0.00 ms.
Mono: successfully reloaded assembly
- Completed reload, in  1.042 seconds
Domain Reload Profiling:
	ReloadAssembly (1043ms)
		BeginReloadAssembly (120ms)
			ExecutionOrderSort (0ms)
			DisableScriptedObjects (4ms)
			BackupInstance (0ms)
			ReleaseScriptingObjects (0ms)
			CreateAndSetChildDomain (36ms)
		EndReloadAssembly (836ms)
			LoadAssemblies (85ms)
			RebuildTransferFunctionScriptingTraits (0ms)
			SetupTypeCache (221ms)
			ReleaseScriptCaches (2ms)
			RebuildScriptCaches (41ms)
			SetupLoadedEditorAssemblies (411ms)
				LogAssemblyErrors (0ms)
				InitializePlatformSupportModulesInManaged (17ms)
				SetLoadedEditorAssemblies (0ms)
				RefreshPlugins (1ms)
				BeforeProcessingInitializeOnLoad (103ms)
				ProcessInitializeOnLoadAttributes (217ms)
				ProcessInitializeOnLoadMethodAttributes (65ms)
				AfterProcessingInitializeOnLoad (8ms)
				EditorAssembliesLoaded (0ms)
			ExecutionOrderSort2 (0ms)
			AwakeInstancesAfterBackupRestoration (10ms)
Platform modules already initialized, skipping
Refreshing native plugins compatible for Editor in 3.25 ms, found 2 plugins.
Preloading 0 native plugins for Editor in 0.00 ms.
Unloading 6761 Unused Serialized files (Serialized files now loaded: 0)
Unloading 54 unused Assets / (2.4 MB). Loaded Objects now: 7427.
Memory consumption went from 338.3 MB to 335.9 MB.
Total: 4.062800 ms (FindLiveObjects: 0.497400 ms CreateObjectMapping: 0.173700 ms MarkObjects: 2.637500 ms  DeleteObjects: 0.753600 ms)

AssetImportParameters requested are different than current active one (requested -> active):
  custom:video-decoder-ogg-theora: a1e56fd34408186e4bbccfd4996cb3dc -> 
  custom:container-muxer-webm: aa71ff27fc2769a1b78a27578f13a17b -> 
  custom:container-demuxer-webm: 4f35f7cbe854078d1ac9338744f61a02 -> 
  custom:video-encoder-webm-vp8: eb34c28f22e8b96e1ab97ce403110664 -> 
  custom:audio-encoder-webm-vorbis: bf7c407c2cedff20999df2af8eb42d56 -> 
  custom:framework-win-MediaFoundation: 216162199b28c13a410421893ffa2e32 -> 
  custom:container-demuxer-ogg: 62fdf1f143b41e24485cea50d1cbac27 -> 
  custom:video-decoder-webm-vp8: 9c59270c3fd7afecdb556c50c9e8de78 -> 
  custom:audio-decoder-ogg-vorbis: bf7c407c2cedff20999df2af8eb42d56 -> 
========================================================================
Received Import Request.
  Time since last request: 23.774801 seconds.
  path: Assets/Weapons/Test_Weapon.prefab
  artifactKey: Guid(985fe414931866c4aa141fa4c9e1412b) Importer(815301076,1909f56bfc062723c751e8b465ee728b)
Start importing Assets/Weapons/Test_Weapon.prefab using Guid(985fe414931866c4aa141fa4c9e1412b) Importer(815301076,1909f56bfc062723c751e8b465ee728b)  -> (artifact id: 'ad72497d3caca76d6f93f38b989a5004') in 0.178536 seconds 
========================================================================
Received Import Request.
  Time since last request: 22.672402 seconds.
  path: Assets/Shared/Weapons/Test_Weapon_Data.asset
  artifactKey: Guid(bdd2b0ecc5ded304f9c820f06da9da1c) Importer(815301076,1909f56bfc062723c751e8b465ee728b)
Start importing Assets/Shared/Weapons/Test_Weapon_Data.asset using Guid(bdd2b0ecc5ded304f9c820f06da9da1c) Importer(815301076,1909f56bfc062723c751e8b465ee728b)  -> (artifact id: 'a33d0446066324d093dd8221701c4672') in 0.006503 seconds 
========================================================================
Received Prepare
Registering precompiled user dll's ...
Registered in 0.006749 seconds.
Begin MonoManager ReloadAssembly
Symbol file LoadedFromMemory doesn't match image C:\Current-Unity-Project\MultiplayerFPS\Client-Project\Library\PackageCache\com.unity.visualscripting@1.7.8\Editor\VisualScripting.Core\Dependencies\YamlDotNet\Unity.VisualScripting.YamlDotNet.dll
Symbol file LoadedFromMemory doesn't match image C:\Current-Unity-Project\MultiplayerFPS\Client-Project\Library\PackageCache\com.unity.visualscripting@1.7.8\Editor\VisualScripting.Core\Dependencies\DotNetZip\Unity.VisualScripting.IonicZip.dll
Native extension for UWP target not found
Native extension for LinuxStandalone target not found
Native extension for WindowsStandalone target not found
Native extension for OSXStandalone target not found
Native extension for WebGL target not found
Refreshing native plugins compatible for Editor in 1.17 ms, found 2 plugins.
Preloading 0 native plugins for Editor in 0.00 ms.
Mono: successfully reloaded assembly
- Completed reload, in  1.301 seconds
Domain Reload Profiling:
	ReloadAssembly (1302ms)
		BeginReloadAssembly (187ms)
			ExecutionOrderSort (0ms)
			DisableScriptedObjects (8ms)
			BackupInstance (0ms)
			ReleaseScriptingObjects (0ms)
			CreateAndSetChildDomain (44ms)
		EndReloadAssembly (1029ms)
			LoadAssemblies (297ms)
			RebuildTransferFunctionScriptingTraits (0ms)
			SetupTypeCache (226ms)
			ReleaseScriptCaches (2ms)
			RebuildScriptCaches (42ms)
			SetupLoadedEditorAssemblies (435ms)
				LogAssemblyErrors (0ms)
				InitializePlatformSupportModulesInManaged (18ms)
				SetLoadedEditorAssemblies (0ms)
				RefreshPlugins (1ms)
				BeforeProcessingInitializeOnLoad (104ms)
				ProcessInitializeOnLoadAttributes (237ms)
				ProcessInitializeOnLoadMethodAttributes (67ms)
				AfterProcessingInitializeOnLoad (7ms)
				EditorAssembliesLoaded (0ms)
			ExecutionOrderSort2 (0ms)
			AwakeInstancesAfterBackupRestoration (11ms)
Platform modules already initialized, skipping
Refreshing native plugins compatible for Editor in 4.26 ms, found 2 plugins.
Preloading 0 native plugins for Editor in 0.00 ms.
Unloading 6760 Unused Serialized files (Serialized files now loaded: 0)
Unloading 55 unused Assets / (2.4 MB). Loaded Objects now: 7483.
Memory consumption went from 338.3 MB to 335.9 MB.
Total: 4.952300 ms (FindLiveObjects: 1.049700 ms CreateObjectMapping: 0.282900 ms MarkObjects: 2.897300 ms  DeleteObjects: 0.721300 ms)

AssetImportParameters requested are different than current active one (requested -> active):
  custom:video-decoder-ogg-theora: a1e56fd34408186e4bbccfd4996cb3dc -> 
  custom:container-muxer-webm: aa71ff27fc2769a1b78a27578f13a17b -> 
  custom:container-demuxer-webm: 4f35f7cbe854078d1ac9338744f61a02 -> 
  custom:video-encoder-webm-vp8: eb34c28f22e8b96e1ab97ce403110664 -> 
  custom:audio-encoder-webm-vorbis: bf7c407c2cedff20999df2af8eb42d56 -> 
  custom:framework-win-MediaFoundation: 216162199b28c13a410421893ffa2e32 -> 
  custom:container-demuxer-ogg: 62fdf1f143b41e24485cea50d1cbac27 -> 
  custom:video-decoder-webm-vp8: 9c59270c3fd7afecdb556c50c9e8de78 -> 
  custom:audio-decoder-ogg-vorbis: bf7c407c2cedff20999df2af8eb42d56 -> 
========================================================================
Received Import Request.
  Time since last request: 194.346507 seconds.
  path: Assets/Shared/Weapons/Test_Weapon_Data.asset
  artifactKey: Guid(17382430c665a474886d4ad198c78fe8) Importer(815301076,1909f56bfc062723c751e8b465ee728b)
Start importing Assets/Shared/Weapons/Test_Weapon_Data.asset using Guid(17382430c665a474886d4ad198c78fe8) Importer(815301076,1909f56bfc062723c751e8b465ee728b)  -> (artifact id: '57d1dc987e6ca3c06c98a01578cb7e93') in 0.027413 seconds 
========================================================================
Received Import Request.
  Time since last request: 113.010853 seconds.
  path: Assets/Shared/Weapons/Test_Weapon_Data.asset
  artifactKey: Guid(17382430c665a474886d4ad198c78fe8) Importer(815301076,1909f56bfc062723c751e8b465ee728b)
Start importing Assets/Shared/Weapons/Test_Weapon_Data.asset using Guid(17382430c665a474886d4ad198c78fe8) Importer(815301076,1909f56bfc062723c751e8b465ee728b)  -> (artifact id: '7f647f627c1e59468d99ce502afb3ba2') in 0.002503 seconds 
========================================================================
Received Prepare
Registering precompiled user dll's ...
Registered in 0.005600 seconds.
Begin MonoManager ReloadAssembly
Symbol file LoadedFromMemory doesn't match image C:\Current-Unity-Project\MultiplayerFPS\Client-Project\Library\PackageCache\com.unity.visualscripting@1.7.8\Editor\VisualScripting.Core\Dependencies\YamlDotNet\Unity.VisualScripting.YamlDotNet.dll
Symbol file LoadedFromMemory doesn't match image C:\Current-Unity-Project\MultiplayerFPS\Client-Project\Library\PackageCache\com.unity.visualscripting@1.7.8\Editor\VisualScripting.Core\Dependencies\DotNetZip\Unity.VisualScripting.IonicZip.dll
Native extension for UWP target not found
Native extension for LinuxStandalone target not found
Native extension for WindowsStandalone target not found
Native extension for OSXStandalone target not found
Native extension for WebGL target not found
Refreshing native plugins compatible for Editor in 1.44 ms, found 2 plugins.
Preloading 0 native plugins for Editor in 0.00 ms.
Mono: successfully reloaded assembly
- Completed reload, in  1.344 seconds
Domain Reload Profiling:
	ReloadAssembly (1345ms)
		BeginReloadAssembly (150ms)
			ExecutionOrderSort (0ms)
			DisableScriptedObjects (4ms)
			BackupInstance (0ms)
			ReleaseScriptingObjects (0ms)
			CreateAndSetChildDomain (50ms)
		EndReloadAssembly (1087ms)
			LoadAssemblies (114ms)
			RebuildTransferFunctionScriptingTraits (0ms)
			SetupTypeCache (287ms)
			ReleaseScriptCaches (2ms)
			RebuildScriptCaches (56ms)
			SetupLoadedEditorAssemblies (534ms)
				LogAssemblyErrors (0ms)
				InitializePlatformSupportModulesInManaged (21ms)
				SetLoadedEditorAssemblies (0ms)
				RefreshPlugins (1ms)
				BeforeProcessingInitializeOnLoad (119ms)
				ProcessInitializeOnLoadAttributes (237ms)
				ProcessInitializeOnLoadMethodAttributes (145ms)
				AfterProcessingInitializeOnLoad (10ms)
				EditorAssembliesLoaded (0ms)
			ExecutionOrderSort2 (0ms)
			AwakeInstancesAfterBackupRestoration (12ms)
Platform modules already initialized, skipping
Refreshing native plugins compatible for Editor in 3.03 ms, found 2 plugins.
Preloading 0 native plugins for Editor in 0.00 ms.
Unloading 6773 Unused Serialized files (Serialized files now loaded: 0)
Unloading 54 unused Assets / (2.4 MB). Loaded Objects now: 7499.
Memory consumption went from 338.8 MB to 336.3 MB.
Total: 4.414200 ms (FindLiveObjects: 0.509200 ms CreateObjectMapping: 0.176400 ms MarkObjects: 2.990300 ms  DeleteObjects: 0.737100 ms)

AssetImportParameters requested are different than current active one (requested -> active):
  custom:video-decoder-ogg-theora: a1e56fd34408186e4bbccfd4996cb3dc -> 
  custom:container-muxer-webm: aa71ff27fc2769a1b78a27578f13a17b -> 
  custom:container-demuxer-webm: 4f35f7cbe854078d1ac9338744f61a02 -> 
  custom:video-encoder-webm-vp8: eb34c28f22e8b96e1ab97ce403110664 -> 
  custom:audio-encoder-webm-vorbis: bf7c407c2cedff20999df2af8eb42d56 -> 
  custom:framework-win-MediaFoundation: 216162199b28c13a410421893ffa2e32 -> 
  custom:container-demuxer-ogg: 62fdf1f143b41e24485cea50d1cbac27 -> 
  custom:video-decoder-webm-vp8: 9c59270c3fd7afecdb556c50c9e8de78 -> 
  custom:audio-decoder-ogg-vorbis: bf7c407c2cedff20999df2af8eb42d56 -> 
========================================================================
Received Import Request.
  Time since last request: 452.589272 seconds.
  path: Assets/Weapons/Test_Weapon.prefab
  artifactKey: Guid(985fe414931866c4aa141fa4c9e1412b) Importer(815301076,1909f56bfc062723c751e8b465ee728b)
Start importing Assets/Weapons/Test_Weapon.prefab using Guid(985fe414931866c4aa141fa4c9e1412b) Importer(815301076,1909f56bfc062723c751e8b465ee728b)  -> (artifact id: '1bc20f39f1b4b4a27b6c96c972d858d4') in 0.176038 seconds 
========================================================================
Received Import Request.
  Time since last request: 74.922751 seconds.
  path: Assets/Weapons/Test_Weapon.prefab
  artifactKey: Guid(985fe414931866c4aa141fa4c9e1412b) Importer(815301076,1909f56bfc062723c751e8b465ee728b)
Start importing Assets/Weapons/Test_Weapon.prefab using Guid(985fe414931866c4aa141fa4c9e1412b) Importer(815301076,1909f56bfc062723c751e8b465ee728b)  -> (artifact id: '34d5b6b0ea22ef25eb2dc0ed667d8487') in 0.011071 seconds 
========================================================================
Received Import Request.
  Time since last request: 229.381177 seconds.
  path: Assets/Shared/MessageIds.cs
  artifactKey: Guid(05af0c2248453dd488c13a629752bf2b) Importer(815301076,1909f56bfc062723c751e8b465ee728b)
Start importing Assets/Shared/MessageIds.cs using Guid(05af0c2248453dd488c13a629752bf2b) Importer(815301076,1909f56bfc062723c751e8b465ee728b)  -> (artifact id: '76708e5fed4b1150ca14c0fa1eaeceb3') in 0.005489 seconds 
========================================================================
Received Import Request.
  Time since last request: 18.189943 seconds.
  path: Assets/Shared/MessageIds.cs
  artifactKey: Guid(05af0c2248453dd488c13a629752bf2b) Importer(815301076,1909f56bfc062723c751e8b465ee728b)
Start importing Assets/Shared/MessageIds.cs using Guid(05af0c2248453dd488c13a629752bf2b) Importer(815301076,1909f56bfc062723c751e8b465ee728b)  -> (artifact id: 'f1e019c2e967b54f374603c6a9a0fa7c') in 0.001886 seconds 
========================================================================
Received Prepare
Registering precompiled user dll's ...
Registered in 0.006671 seconds.
Begin MonoManager ReloadAssembly
Symbol file LoadedFromMemory doesn't match image C:\Current-Unity-Project\MultiplayerFPS\Client-Project\Library\PackageCache\com.unity.visualscripting@1.7.8\Editor\VisualScripting.Core\Dependencies\YamlDotNet\Unity.VisualScripting.YamlDotNet.dll
Symbol file LoadedFromMemory doesn't match image C:\Current-Unity-Project\MultiplayerFPS\Client-Project\Library\PackageCache\com.unity.visualscripting@1.7.8\Editor\VisualScripting.Core\Dependencies\DotNetZip\Unity.VisualScripting.IonicZip.dll
Native extension for UWP target not found
Native extension for LinuxStandalone target not found
Native extension for WindowsStandalone target not found
Native extension for OSXStandalone target not found
Native extension for WebGL target not found
Refreshing native plugins compatible for Editor in 1.25 ms, found 2 plugins.
Preloading 0 native plugins for Editor in 0.00 ms.
Mono: successfully reloaded assembly
- Completed reload, in  1.192 seconds
Domain Reload Profiling:
	ReloadAssembly (1193ms)
		BeginReloadAssembly (145ms)
			ExecutionOrderSort (0ms)
			DisableScriptedObjects (7ms)
			BackupInstance (0ms)
			ReleaseScriptingObjects (0ms)
			CreateAndSetChildDomain (51ms)
		EndReloadAssembly (965ms)
			LoadAssemblies (94ms)
			RebuildTransferFunctionScriptingTraits (0ms)
			SetupTypeCache (247ms)
			ReleaseScriptCaches (2ms)
			RebuildScriptCaches (45ms)
			SetupLoadedEditorAssemblies (506ms)
				LogAssemblyErrors (0ms)
				InitializePlatformSupportModulesInManaged (19ms)
				SetLoadedEditorAssemblies (0ms)
				RefreshPlugins (1ms)
				BeforeProcessingInitializeOnLoad (114ms)
				ProcessInitializeOnLoadAttributes (226ms)
				ProcessInitializeOnLoadMethodAttributes (137ms)
				AfterProcessingInitializeOnLoad (8ms)
				EditorAssembliesLoaded (0ms)
			ExecutionOrderSort2 (0ms)
			AwakeInstancesAfterBackupRestoration (13ms)
Platform modules already initialized, skipping
Refreshing native plugins compatible for Editor in 2.77 ms, found 2 plugins.
Preloading 0 native plugins for Editor in 0.00 ms.
Unloading 6773 Unused Serialized files (Serialized files now loaded: 0)
Unloading 54 unused Assets / (2.4 MB). Loaded Objects now: 7556.
Memory consumption went from 338.8 MB to 336.4 MB.
Total: 4.475900 ms (FindLiveObjects: 0.440900 ms CreateObjectMapping: 0.161600 ms MarkObjects: 3.130200 ms  DeleteObjects: 0.742400 ms)

AssetImportParameters requested are different than current active one (requested -> active):
  custom:video-decoder-ogg-theora: a1e56fd34408186e4bbccfd4996cb3dc -> 
  custom:container-muxer-webm: aa71ff27fc2769a1b78a27578f13a17b -> 
  custom:container-demuxer-webm: 4f35f7cbe854078d1ac9338744f61a02 -> 
  custom:video-encoder-webm-vp8: eb34c28f22e8b96e1ab97ce403110664 -> 
  custom:audio-encoder-webm-vorbis: bf7c407c2cedff20999df2af8eb42d56 -> 
  custom:framework-win-MediaFoundation: 216162199b28c13a410421893ffa2e32 -> 
  custom:container-demuxer-ogg: 62fdf1f143b41e24485cea50d1cbac27 -> 
  custom:video-decoder-webm-vp8: 9c59270c3fd7afecdb556c50c9e8de78 -> 
  custom:audio-decoder-ogg-vorbis: bf7c407c2cedff20999df2af8eb42d56 -> 
========================================================================
Received Prepare
Registering precompiled user dll's ...
Registered in 0.006365 seconds.
Begin MonoManager ReloadAssembly
Symbol file LoadedFromMemory doesn't match image C:\Current-Unity-Project\MultiplayerFPS\Client-Project\Library\PackageCache\com.unity.visualscripting@1.7.8\Editor\VisualScripting.Core\Dependencies\YamlDotNet\Unity.VisualScripting.YamlDotNet.dll
Symbol file LoadedFromMemory doesn't match image C:\Current-Unity-Project\MultiplayerFPS\Client-Project\Library\PackageCache\com.unity.visualscripting@1.7.8\Editor\VisualScripting.Core\Dependencies\DotNetZip\Unity.VisualScripting.IonicZip.dll
Native extension for UWP target not found
Native extension for LinuxStandalone target not found
Native extension for WindowsStandalone target not found
Native extension for OSXStandalone target not found
Native extension for WebGL target not found
Refreshing native plugins compatible for Editor in 1.11 ms, found 2 plugins.
Preloading 0 native plugins for Editor in 0.00 ms.
Mono: successfully reloaded assembly
- Completed reload, in  1.123 seconds
Domain Reload Profiling:
	ReloadAssembly (1124ms)
		BeginReloadAssembly (131ms)
			ExecutionOrderSort (0ms)
			DisableScriptedObjects (5ms)
			BackupInstance (0ms)
			ReleaseScriptingObjects (0ms)
			CreateAndSetChildDomain (40ms)
		EndReloadAssembly (909ms)
			LoadAssemblies (90ms)
			RebuildTransferFunctionScriptingTraits (0ms)
			SetupTypeCache (215ms)
			ReleaseScriptCaches (2ms)
			RebuildScriptCaches (41ms)
			SetupLoadedEditorAssemblies (501ms)
				LogAssemblyErrors (0ms)
				InitializePlatformSupportModulesInManaged (18ms)
				SetLoadedEditorAssemblies (0ms)
				RefreshPlugins (1ms)
				BeforeProcessingInitializeOnLoad (109ms)
				ProcessInitializeOnLoadAttributes (236ms)
				ProcessInitializeOnLoadMethodAttributes (129ms)
				AfterProcessingInitializeOnLoad (7ms)
				EditorAssembliesLoaded (0ms)
			ExecutionOrderSort2 (0ms)
			AwakeInstancesAfterBackupRestoration (13ms)
Platform modules already initialized, skipping
Refreshing native plugins compatible for Editor in 3.11 ms, found 2 plugins.
Preloading 0 native plugins for Editor in 0.00 ms.
Unloading 6774 Unused Serialized files (Serialized files now loaded: 0)
Unloading 54 unused Assets / (2.4 MB). Loaded Objects now: 7572.
Memory consumption went from 338.9 MB to 336.4 MB.
Total: 4.524300 ms (FindLiveObjects: 0.771500 ms CreateObjectMapping: 0.229800 ms MarkObjects: 2.865200 ms  DeleteObjects: 0.656900 ms)

AssetImportParameters requested are different than current active one (requested -> active):
  custom:video-decoder-ogg-theora: a1e56fd34408186e4bbccfd4996cb3dc -> 
  custom:container-muxer-webm: aa71ff27fc2769a1b78a27578f13a17b -> 
  custom:container-demuxer-webm: 4f35f7cbe854078d1ac9338744f61a02 -> 
  custom:video-encoder-webm-vp8: eb34c28f22e8b96e1ab97ce403110664 -> 
  custom:audio-encoder-webm-vorbis: bf7c407c2cedff20999df2af8eb42d56 -> 
  custom:framework-win-MediaFoundation: 216162199b28c13a410421893ffa2e32 -> 
  custom:container-demuxer-ogg: 62fdf1f143b41e24485cea50d1cbac27 -> 
  custom:video-decoder-webm-vp8: 9c59270c3fd7afecdb556c50c9e8de78 -> 
  custom:audio-decoder-ogg-vorbis: bf7c407c2cedff20999df2af8eb42d56 -> 
========================================================================
Received Import Request.
  Time since last request: 51.478037 seconds.
  path: Assets/Shared/Levels
  artifactKey: Guid(cc233c5b2281ac445af1fa821a95765d) Importer(815301076,1909f56bfc062723c751e8b465ee728b)
Start importing Assets/Shared/Levels using Guid(cc233c5b2281ac445af1fa821a95765d) Importer(815301076,1909f56bfc062723c751e8b465ee728b)  -> (artifact id: '6af26f547382064730374d88b2ea415a') in 0.014158 seconds 
========================================================================
Received Import Request.
  Time since last request: 6.931320 seconds.
  path: Assets/Shared/Levels/Environment.prefab
  artifactKey: Guid(3a482692a891dca4cb984c130f52281e) Importer(815301076,1909f56bfc062723c751e8b465ee728b)
Start importing Assets/Shared/Levels/Environment.prefab using Guid(3a482692a891dca4cb984c130f52281e) Importer(815301076,1909f56bfc062723c751e8b465ee728b)  -> (artifact id: 'd1cd48f20f8c73aa8cb0ea665153a1ff') in 0.272492 seconds 
========================================================================
Received Import Request.
  Time since last request: 5.603587 seconds.
  path: Assets/Shared/Levels/Test.prefab
  artifactKey: Guid(3a482692a891dca4cb984c130f52281e) Importer(815301076,1909f56bfc062723c751e8b465ee728b)
Start importing Assets/Shared/Levels/Test.prefab using Guid(3a482692a891dca4cb984c130f52281e) Importer(815301076,1909f56bfc062723c751e8b465ee728b)  -> (artifact id: '8464c46afcfb7eb62801d23b7d286dcf') in 0.026863 seconds 
========================================================================
Received Import Request.
  Time since last request: 81.833604 seconds.
  path: Assets/Shared/Levels/Environment (1).prefab
  artifactKey: Guid(3383fa0fbeda89d439063c2597955e45) Importer(815301076,1909f56bfc062723c751e8b465ee728b)
Start importing Assets/Shared/Levels/Environment (1).prefab using Guid(3383fa0fbeda89d439063c2597955e45) Importer(815301076,1909f56bfc062723c751e8b465ee728b)  -> (artifact id: '94a1a4e4bf8106633b088d68fbdbef9c') in 0.024798 seconds 
========================================================================
Received Import Request.
  Time since last request: 9.512335 seconds.
  path: Assets/Shared/Levels/Environment (1).prefab
  artifactKey: Guid(3383fa0fbeda89d439063c2597955e45) Importer(815301076,1909f56bfc062723c751e8b465ee728b)
Start importing Assets/Shared/Levels/Environment (1).prefab using Guid(3383fa0fbeda89d439063c2597955e45) Importer(815301076,1909f56bfc062723c751e8b465ee728b)  -> (artifact id: '3b2aa5e23de73859e41612b18a0cc7ce') in 0.019027 seconds 
========================================================================
Received Import Request.
  Time since last request: 28.639492 seconds.
  path: Assets/Shared/Levels/Test.prefab
  artifactKey: Guid(3383fa0fbeda89d439063c2597955e45) Importer(815301076,1909f56bfc062723c751e8b465ee728b)
Start importing Assets/Shared/Levels/Test.prefab using Guid(3383fa0fbeda89d439063c2597955e45) Importer(815301076,1909f56bfc062723c751e8b465ee728b)  -> (artifact id: 'b4e6698eff8c378b4003d13ca02959c2') in 0.023166 seconds 
========================================================================
Received Import Request.
  Time since last request: 39.659038 seconds.
  path: Assets/AddressableAssetsData
  artifactKey: Guid(ff948b34186dfe84aa81e6ea2f718407) Importer(815301076,1909f56bfc062723c751e8b465ee728b)
Start importing Assets/AddressableAssetsData using Guid(ff948b34186dfe84aa81e6ea2f718407) Importer(815301076,1909f56bfc062723c751e8b465ee728b)  -> (artifact id: '1d07394d8ca2b17b192964849594b2b9') in 0.005162 seconds 
========================================================================
Received Import Request.
  Time since last request: 0.028514 seconds.
  path: Assets/AddressableAssetsData/AddressableAssetSettings.asset
  artifactKey: Guid(ea1575663bfb6394f8a575460b2a4546) Importer(815301076,1909f56bfc062723c751e8b465ee728b)
Start importing Assets/AddressableAssetsData/AddressableAssetSettings.asset using Guid(ea1575663bfb6394f8a575460b2a4546) Importer(815301076,1909f56bfc062723c751e8b465ee728b)  -> (artifact id: 'fc77b981933dab01f7012ecfabe6ec21') in 0.011047 seconds 
========================================================================
Received Import Request.
  Time since last request: 46.155321 seconds.
  path: Assets/Packages/Example/Environment/Prefabs
  artifactKey: Guid(93bb3603ed019014a98e7c62df54135e) Importer(815301076,1909f56bfc062723c751e8b465ee728b)
Start importing Assets/Packages/Example/Environment/Prefabs using Guid(93bb3603ed019014a98e7c62df54135e) Importer(815301076,1909f56bfc062723c751e8b465ee728b)  -> (artifact id: '8e2cc05a8c221ede3b5a2de5fdf3304d') in 0.005496 seconds 
